113 0 
127 0 
132 0 
146 0 
154 0 
161 0 
178 0 
189 0 
195 0 
211 0 
224 0 
236 0 
248 0 
255 0 
269 0 
273 0 
287 0 
292 0 
315 0 
329 0 
338 0 
342 0 
357 0 
363 0 
374 0 
381 0 
396 0 
418 0 
423 0 
431 0 
444 0 
452 0 
467 0 
475 0 
486 0 
499 0 
514 0 
522 0 
539 0 
545 0 
551 0 
566 0 
577 0 
588 0 
593 0 
616 0 
625 0 
637 0 
643 0 
659 0 
668 0 
671 0 
682 0 
694 0 
719 0 
726 0 
734 0 
747 0 
758 0 
765 0 
772 0 
783 0 
791 0 
817 0 
821 0 
835 0 
849 0 
853 0 
862 0 
876 0 
884 0 
898 0 
912 0 
928 0 
933 0 
941 0 
956 0 
964 0 
979 0 
985 0 
997 0 
